Arguments: 
  /home/theod/.fnm/node-versions/v14.16.1/installation/bin/node /tmp/fnm_multishell_5108_1637758797849/bin/yarn add isOdd

PATH: 
  /home/theod/Documents/pycharm-2020.3.3/bin:/home/theod/.symfony/bin:/tmp/fnm_multishell_5108_1637758797849/bin:/home/theod/.fnm:/home/theod/.local/bin:/usr/local/sbin:/usr/local/bin:/usr/sbin:/usr/bin:/sbin:/bin:/usr/games:/usr/local/games:/snap/bin

Yarn version: 
  1.22.10

Node version: 
  14.16.1

Platform: 
  linux x64

Trace: 
  Error: https://registry.yarnpkg.com/isOdd: Not found
      at Request.params.callback [as _callback] (/home/theod/.fnm/node-versions/v14.16.1/installation/lib/node_modules/yarn/lib/cli.js:66988:18)
      at Request.self.callback (/home/theod/.fnm/node-versions/v14.16.1/installation/lib/node_modules/yarn/lib/cli.js:140662:22)
      at Request.emit (events.js:315:20)
      at Request.<anonymous> (/home/theod/.fnm/node-versions/v14.16.1/installation/lib/node_modules/yarn/lib/cli.js:141634:10)
      at Request.emit (events.js:315:20)
      at IncomingMessage.<anonymous> (/home/theod/.fnm/node-versions/v14.16.1/installation/lib/node_modules/yarn/lib/cli.js:141556:12)
      at Object.onceWrapper (events.js:421:28)
      at IncomingMessage.emit (events.js:327:22)
      at endReadableNT (internal/streams/readable.js:1327:12)
      at processTicksAndRejections (internal/process/task_queues.js:80:21)

npm manifest: 
  {
    "name": "shared",
    "version": "1.0.0",
    "main": "index.js",
    "license": "MIT"
  }

yarn manifest: 
  No manifest

Lockfile: 
  No lockfile
